<?xml version="1.0" encoding="UTF-8"?>
<testng-results ignored="0" total="1" passed="1" failed="0" skipped="0">
  <reporter-output>
  </reporter-output>
  <suite started-at="2018-06-05T12:03:44Z" name="Default suite" finished-at="2018-06-05T12:03:44Z" duration-ms="160">
    <groups>
    </groups>
    <test started-at="2018-06-05T12:03:44Z" name="Default test" finished-at="2018-06-05T12:03:44Z" duration-ms="160">
      <class name="demo1">
        <test-method signature="login_test()[pri:0, instance:demo1@2ea41516]" started-at="2018-06-05T12:03:44Z" name="login_test" finished-at="2018-06-05T12:03:44Z" duration-ms="51" status="PASS">
          <reporter-output>
          </reporter-output>
        </test-method> <!-- login_test -->
      </class> <!-- demo1 -->
    </test> <!-- Default test -->
  </suite> <!-- Default suite -->
</testng-results>
